C51 COMPILER V9.56.0.0   MAIN                                                              12/02/2019 16:29:58 PAGE 1   


C51 COMPILER V9.56.0.0, COMPILATION OF MODULE MAIN
OBJECT MODULE PLACED IN .\Objects\main.obj
COMPILER INVOKED BY: C:\Keil_v5\C51\BIN\C51.EXE main.c OPTIMIZE(8,SPEED) BROWSE DEBUG OBJECTEXTEND PRINT(.\Listings\main
                    -.lst) TABS(2) OBJECT(.\Objects\main.obj)

line level    source

   1          #include <reg52.h>
   2          
   3          sbit LED_pin = P1^5 ;
   4          bit LED_state_G ;
   5           void LED_FLASH_Init(void) ;
   6           void LED_FLASH_Change_State(void);
   7           
   8           void DELAY_HARDWARE_One_Second(void);
   9           void DELAY_HARDWARE_50ms(void) ;
  10           
  11           void main(void)
  12           {
  13   1         LED_FLASH_Init();
  14   1         
  15   1         while(1)
  16   1         {
  17   2           //change the led state 
  18   2           LED_FLASH_Change_State();
  19   2           DELAY_HARDWARE_One_Second() ;
  20   2         }
  21   1       }
  22           
  23           void LED_FLASH_Init(void)
  24           {
  25   1         LED_state_G = 0;
  26   1       }
  27           
  28           void LED_FLASH_Change_State(void)
  29           {
  30   1         if(LED_state_G == 1)
  31   1         {
  32   2           LED_state_G = 0;
  33   2           LED_pin=0 ;
  34   2         }
  35   1         else
  36   1         {
  37   2           LED_state_G = 1;
  38   2           LED_pin=1 ;
  39   2         }
  40   1       }
  41           
  42           void DELAY_HARDWARE_One_Second(void)
  43           {
  44   1         unsigned char d;
  45   1         for(d=0 ; d<20 ; d++)
  46   1         {
  47   2           DELAY_HARDWARE_50ms();
  48   2         }
  49   1       }
  50           
  51           void DELAY_HARDWARE_50ms(void)
  52           {
  53   1         //configure timer 0 as 16 bit timer
  54   1         
C51 COMPILER V9.56.0.0   MAIN                                                              12/02/2019 16:29:58 PAGE 2   

  55   1         TMOD &= 0xF0; //clear all T0 BITS(T1 LEFT UNCHANGED)
  56   1         TMOD |= 0x01; //set required T0 bits (t1 left unchanged)
  57   1         
  58   1         ET0 = 0; // no interrupts
  59   1         
  60   1         // values for 50 ms delay
  61   1         
  62   1         TH0 = 0x3C ; // TIMER 0 INITIAL VALUE(HIGH BYTE)
  63   1         TL0 = 0xB0 ; // TIMER 0 INITIAL VALUE(LOW BYTE)
  64   1         
  65   1         TF0 = 0; //CLEAR OVERFLOW FLAG
  66   1         TR0 = 1; //START TIMER 0
  67   1         
  68   1         while(TF0 == 0);
  69   1         // LOOP UNTIL TIMER 0 OVERFLOWS (TF0 == 1)
  70   1         
  71   1         TR0 = 0 ; // stop timer 0
  72   1       }
  73               


MODULE INFORMATION:   STATIC OVERLAYABLE
   CODE SIZE        =     67    ----
   CONSTANT SIZE    =   ----    ----
   XDATA SIZE       =   ----    ----
   PDATA SIZE       =   ----    ----
   DATA SIZE        =   ----       1
   IDATA SIZE       =   ----    ----
   BIT SIZE         =      1    ----
END OF MODULE INFORMATION.


C51 COMPILATION COMPLETE.  0 WARNING(S),  0 ERROR(S)
