C51 COMPILER V9.56.0.0   MAIN                                                              12/03/2019 14:47:22 PAGE 1   


C51 COMPILER V9.56.0.0, COMPILATION OF MODULE MAIN
OBJECT MODULE PLACED IN .\Objects\Main.obj
COMPILER INVOKED BY: C:\Keil_v5\C51\BIN\C51.EXE Main.c OPTIMIZE(8,SPEED) BROWSE DEBUG OBJECTEXTEND PRINT(.\Listings\Main
                    -.lst) TABS(2) OBJECT(.\Objects\Main.obj)

line level    source

   1          #include "Main.h"
   2          #include "Port.h"
   3          #include "Simple_EOS.h"
   4          #include "X.h"
   5          
   6          void main(void)
   7          {
   8   1        X_Init();
   9   1        
  10   1        sEOS_Init_Timer2(50); //50ms tick interval
  11   1        
  12   1        while(1)
  13   1        {
  14   2          sEOS_Go_To_Sleep();
  15   2        }
  16   1      }


MODULE INFORMATION:   STATIC OVERLAYABLE
   CODE SIZE        =     13    ----
   CONSTANT SIZE    =   ----    ----
   XDATA SIZE       =   ----    ----
   PDATA SIZE       =   ----    ----
   DATA SIZE        =   ----    ----
   IDATA SIZE       =   ----    ----
   BIT SIZE         =   ----    ----
END OF MODULE INFORMATION.


C51 COMPILATION COMPLETE.  0 WARNING(S),  0 ERROR(S)
