C51 COMPILER V9.56.0.0   DELAY_LOOP                                                        12/02/2019 15:51:58 PAGE 1   


C51 COMPILER V9.56.0.0, COMPILATION OF MODULE DELAY_LOOP
OBJECT MODULE PLACED IN .\Objects\Delay_loop.obj
COMPILER INVOKED BY: C:\Keil_v5\C51\BIN\C51.EXE Delay_loop.c OPTIMIZE(8,SPEED) BROWSE DEBUG OBJECTEXTEND PRINT(.\Listing
                    -s\Delay_loop.lst) TABS(2) OBJECT(.\Objects\Delay_loop.obj)

line level    source

   1          #include "Port.h"
   2          #include "Delay_loop.h"
   3          #include "main.h"
   4          
   5          void DELAY_LOOP_Wait(const tWord DELAY_MS)
   6          {
*** WARNING C235 IN LINE 6 OF Delay_loop.c: parameter 1: different types
   7   1        tWord x , y;
   8   1        for(x=0 ; x<=DELAY_MS ; x++)
   9   1        {
  10   2          for(y=0 ; y<=120 ; y++);
  11   2        }
  12   1      }


MODULE INFORMATION:   STATIC OVERLAYABLE
   CODE SIZE        =     32    ----
   CONSTANT SIZE    =   ----    ----
   XDATA SIZE       =   ----    ----
   PDATA SIZE       =   ----    ----
   DATA SIZE        =   ----    ----
   IDATA SIZE       =   ----    ----
   BIT SIZE         =   ----    ----
END OF MODULE INFORMATION.


C51 COMPILATION COMPLETE.  1 WARNING(S),  0 ERROR(S)
