C51 COMPILER V9.56.0.0   LED_FLASH                                                         12/02/2019 15:51:58 PAGE 1   


C51 COMPILER V9.56.0.0, COMPILATION OF MODULE LED_FLASH
OBJECT MODULE PLACED IN .\Objects\LED_flash.obj
COMPILER INVOKED BY: C:\Keil_v5\C51\BIN\C51.EXE LED_flash.c OPTIMIZE(8,SPEED) BROWSE DEBUG OBJECTEXTEND PRINT(.\Listings
                    -\LED_flash.lst) TABS(2) OBJECT(.\Objects\LED_flash.obj)

line level    source

   1          #include "main.h"
   2          #include "Port.h"
   3          
   4          #include "LED_flash.h"
   5          
   6          static bit LED_state_G;
   7          
   8          //LED_FLASH_Init()
   9          
  10          void LED_FLASH_Init(void)
  11          {
  12   1        LED_state_G = 0;
  13   1      }
  14          
  15          void LED_FLASH_Change_State(void)
  16          {
  17   1        //Change the led from OFF to ON 
  18   1        if (LED_state_G ==1)
  19   1        {
  20   2          LED_state_G = 0;
  21   2          LED_pin = 0;
  22   2        }
  23   1        else
  24   1        {
  25   2          LED_state_G = 1;
  26   2          LED_pin = 1;
  27   2        }
  28   1      }


MODULE INFORMATION:   STATIC OVERLAYABLE
   CODE SIZE        =     16    ----
   CONSTANT SIZE    =   ----    ----
   XDATA SIZE       =   ----    ----
   PDATA SIZE       =   ----    ----
   DATA SIZE        =   ----    ----
   IDATA SIZE       =   ----    ----
   BIT SIZE         =      1    ----
END OF MODULE INFORMATION.


C51 COMPILATION COMPLETE.  0 WARNING(S),  0 ERROR(S)
