C51 COMPILER V9.56.0.0   MAIN                                                              12/02/2019 15:51:57 PAGE 1   


C51 COMPILER V9.56.0.0, COMPILATION OF MODULE MAIN
OBJECT MODULE PLACED IN .\Objects\main.obj
COMPILER INVOKED BY: C:\Keil_v5\C51\BIN\C51.EXE main.c OPTIMIZE(8,SPEED) BROWSE DEBUG OBJECTEXTEND PRINT(.\Listings\main
                    -.lst) TABS(2) OBJECT(.\Objects\main.obj)

line level    source

   1          #include "main.h"
   2          #include "Port.h"
   3          
   4          #include "Delay_Loop.h"
   5          #include "LED_flash.h"
   6          
   7          void main (void)
   8          {
   9   1        LED_FLASH_Init();
  10   1        
  11   1        while(1)
  12   1        {
  13   2          //change the led state
  14   2          LED_Flash_Change_State();
*** WARNING C206 IN LINE 14 OF main.c: 'LED_Flash_Change_State': missing function-prototype
  15   2          
  16   2          //delay for "approx" 1000ms
  17   2          DELAY_LOOP_Wait(1000);
  18   2          
  19   2        }
  20   1      }


MODULE INFORMATION:   STATIC OVERLAYABLE
   CODE SIZE        =     15    ----
   CONSTANT SIZE    =   ----    ----
   XDATA SIZE       =   ----    ----
   PDATA SIZE       =   ----    ----
   DATA SIZE        =   ----    ----
   IDATA SIZE       =   ----    ----
   BIT SIZE         =   ----    ----
END OF MODULE INFORMATION.


C51 COMPILATION COMPLETE.  1 WARNING(S),  0 ERROR(S)
