C51 COMPILER V9.56.0.0   ELAP_232                                                          12/05/2019 14:20:35 PAGE 1   


C51 COMPILER V9.56.0.0, COMPILATION OF MODULE ELAP_232
OBJECT MODULE PLACED IN .\Objects\ELAP_232.obj
COMPILER INVOKED BY: C:\Keil_v5\C51\BIN\C51.EXE ELAP_232.c OPTIMIZE(8,SPEED) BROWSE DEBUG OBJECTEXTEND PRINT(.\Listings\
                    -ELAP_232.lst) TABS(2) OBJECT(.\Objects\ELAP_232.obj)

line level    source

   1          #include "Main.h"
   2          #include "Elap_232.h"
   3          #include "PC_O.h"
   4          
   5          tByte Hou_G = 0;
   6          tByte Min_G = 0;
   7          tbyte Sec_G = 0;
*** ERROR C129 IN LINE 7 OF ELAP_232.c: missing ';' before 'Sec_G'
   8          
   9          
  10          extern const char code CHAR_MAP_G[10];
  11          
  12          void Elapsed_Time_RS232_Init(void)
  13          {
  14            char Time_Str[] = "Elapsed Time";
  15          }
  16          
  17          void Elapsed_Time_RS232_Update(void)
  18          {
  19            char Time_Str[30] = "\rElapsed time:                ";
  20            
  21            if(++Sec_G == 60)
  22            {
  23              Sec_G = 0;
  24              
  25              if(++Min_G == 60)
  26              {
  27                Min_G = 0;
  28                
  29                if(++Hou_G == 24)
  30                {
  31                  Hou_G = 0;
  32                }
  33              }
  34            }
  35            Time_Str[15] = CHAR_MAP_G[Hou_G / 10];
  36            Time_Str[16] = CHAR_MAP_G[Hou_G % 10];
  37            
  38            Time_Str[17] = CHAR_MAP_G[Min_G / 10];
  39            Time_Str[18] = CHAR_MAP_G[Min_G % 10];
  40            
  41            Time_Str[19] = CHAR_MAP_G[Sec_G / 10];
  42            Time_Str[20] = CHAR_MAP_G[Sec_G % 10];
  43            
  44            
  45            
  46            
  47            if ((Sec_G % 2) == 0)
  48            {
  49              Time_Str[17] = ':';
  50              Time_Str[20] = ':';
  51            }
  52            else
  53            {
C51 COMPILER V9.56.0.0   ELAP_232                                                          12/05/2019 14:20:35 PAGE 2   

  54              Time_Str[17] = ' ';
  55              Time_Str[20] = ' ';
  56            }
  57            PC_LINK_O_Write_String_To_Buffer(Time_Str);
  58          }
  59          
  60            
  61                
  62                
  63            
  64          

C51 COMPILATION COMPLETE.  0 WARNING(S),  1 ERROR(S)
