C51 COMPILER V9.56.0.0   MAIN                                                              12/05/2019 14:20:35 PAGE 1   


C51 COMPILER V9.56.0.0, COMPILATION OF MODULE MAIN
OBJECT MODULE PLACED IN .\Objects\Main.obj
COMPILER INVOKED BY: C:\Keil_v5\C51\BIN\C51.EXE Main.c OPTIMIZE(8,SPEED) BROWSE DEBUG OBJECTEXTEND PRINT(.\Listings\Main
                    -.lst) TABS(2) OBJECT(.\Objects\Main.obj)

line level    source

   1          #include "Main.H"
   2          #include "Port.H"
   3          #include "Simple_EOS.H"
   4          
   5          #include "PC_O_T1.h"
   6          #include "Elap_232.h"
*** ERROR C132 IN LINE 4 OF Elap_232.h: 'Elapsed_Time_RS232_Init': not in formal parameter list
*** ERROR C132 IN LINE 5 OF Elap_232.h: 'Elapsed_Time_RS232_Update': not in formal parameter list
   7          
   8          
   9          void main(void)
  10          {
*** ERROR C132 IN LINE 10 OF Main.c: 'main': not in formal parameter list
*** ERROR C141 IN LINE 10 OF Main.c: syntax error near '{'
  11            PC_LINK_O_Init_T1(9600); //setting baud rate to 9600
*** ERROR C132 IN LINE 11 OF Main.c: 'PC_LINK_O_Init_T1': not in formal parameter list
  12            
  13            Elapsed_Time_RS232_Init(); //prepared for elapsed time measurement
*** ERROR C132 IN LINE 13 OF Main.c: 'Elapsed_Time_RS232_Init': not in formal parameter list
  14            
  15            sEOS_Init_Timer2(5); //set up simple eos to 5ms tick
*** ERROR C141 IN LINE 15 OF Main.c: syntax error near '5'
*** ERROR C132 IN LINE 15 OF Main.c: 'sEOS_Init_Timer2': not in formal parameter list
  16            
  17            while(1)
*** ERROR C141 IN LINE 17 OF Main.c: syntax error near 'while'
*** ERROR C141 IN LINE 17 OF Main.c: syntax error near '1'
  18            {
  19              sEOS_Go_To_Sleep(); //Enter idle mode to save power
*** ERROR C231 IN LINE 19 OF Main.c: 'sEOS_Go_To_Sleep': redefinition
  20            }
*** ERROR C141 IN LINE 20 OF Main.c: syntax error near '}'
  21          }
  22          
  23            

C51 COMPILATION COMPLETE.  0 WARNING(S),  12 ERROR(S)
