C51 COMPILER V9.56.0.0   ELAP_232                                                          12/05/2019 15:27:43 PAGE 1   


C51 COMPILER V9.56.0.0, COMPILATION OF MODULE ELAP_232
OBJECT MODULE PLACED IN .\Objects\Elap_232.obj
COMPILER INVOKED BY: C:\Keil_v5\C51\BIN\C51.EXE Elap_232.c OPTIMIZE(8,SPEED) BROWSE DEBUG OBJECTEXTEND PRINT(.\Listings\
                    -Elap_232.lst) TABS(2) OBJECT(.\Objects\Elap_232.obj)

line level    source

   1          #include "main.h"
   2          #include "Elap_232.h"
   3          #include "PC_O.h"
   4          
   5          tByte Mou_G=0;
   6          tByte Min_G=0;
   7          tByte Sec_G=0;
   8          
   9          
  10          //see Char_Map.c
  11          
  12          extern const char code CHAR_MAP_G[10];
  13          
  14          void Elapsed_Time_RS232_Init(void)
  15          {
  16   1        char Time_Str[]="Elapsed time";
  17   1        
  18   1        //PC_LINK_O_Write_String_To_buffer(Time_Str);
  19   1      }
  20          
  21          
  22          void Elapsed_Time_RS232_Update(void)
  23          {
  24   1        char Time_Str[30] ="\rElapsed time:                ";
  25   1        if(++Sec_G==60)
  26   1        {
  27   2          Sec_G=0;
  28   2          if(++Min_G==60)
  29   2          {
  30   3            Min_G=0;
  31   3            
  32   3            if(++Mou_G==24)
  33   3            {
  34   4              Mou_G=0;
  35   4            }
  36   3          }
  37   2        }
  38   1        
  39   1        Time_Str[15] = CHAR_MAP_G[Mou_G / 10];
  40   1        Time_Str[16] = CHAR_MAP_G[Mou_G%10];
  41   1        
  42   1        Time_Str[18] = CHAR_MAP_G[Min_G/10];
  43   1        Time_Str[19] = CHAR_MAP_G[Min_G%10];
  44   1        
  45   1        Time_Str[21] = CHAR_MAP_G[Sec_G/10];
  46   1        Time_Str[22] = CHAR_MAP_G[Sec_G%10];
  47   1        
  48   1        
  49   1        if((Sec_G%2)==0)
  50   1        {
  51   2          Time_Str[17]=':';
  52   2          Time_Str[20]=':';
  53   2        }
  54   1        else
C51 COMPILER V9.56.0.0   ELAP_232                                                          12/05/2019 15:27:43 PAGE 2   

  55   1        {
  56   2          Time_Str[17]=' ';
  57   2          Time_Str[20]=' ';
  58   2        }
  59   1        
  60   1        PC_LINK_O_Write_String_To_Buffer(Time_Str);
  61   1      }
  62          
  63          
  64          
  65          
  66          


MODULE INFORMATION:   STATIC OVERLAYABLE
   CODE SIZE        =    159    ----
   CONSTANT SIZE    =     43    ----
   XDATA SIZE       =   ----    ----
   PDATA SIZE       =   ----    ----
   DATA SIZE        =      3      43
   IDATA SIZE       =   ----    ----
   BIT SIZE         =   ----    ----
END OF MODULE INFORMATION.


C51 COMPILATION COMPLETE.  0 WARNING(S),  0 ERROR(S)
